{"contracts/ERC20Token.sol":{"l":{"27":67,"28":66,"30":65,"32":65,"39":9,"44":4},"path":"/Users/abhi3700/F/coding/github_repos/evm_contracts_vaultLend/contracts/ERC20Token.sol","s":{"1":67,"2":66,"3":65,"4":65,"5":9,"6":4},"b":{"1":[66,1]},"f":{"1":96,"2":67,"3":9,"4":4},"fnMap":{"1":{"name":"constructor","line":23,"loc":{"start":{"line":21,"column":4},"end":{"line":23,"column":23}}},"2":{"name":"mint","line":26,"loc":{"start":{"line":26,"column":4},"end":{"line":33,"column":4}}},"3":{"name":"pause","line":38,"loc":{"start":{"line":38,"column":4},"end":{"line":40,"column":4}}},"4":{"name":"unpause","line":43,"loc":{"start":{"line":43,"column":4},"end":{"line":45,"column":4}}}},"statementMap":{"1":{"start":{"line":27,"column":8},"end":{"line":27,"column":54}},"2":{"start":{"line":28,"column":8},"end":{"line":28,"column":31}},"3":{"start":{"line":30,"column":8},"end":{"line":30,"column":43}},"4":{"start":{"line":32,"column":8},"end":{"line":32,"column":19}},"5":{"start":{"line":39,"column":8},"end":{"line":39,"column":15}},"6":{"start":{"line":44,"column":8},"end":{"line":44,"column":17}}},"branchMap":{"1":{"line":27,"type":"if","locations":[{"start":{"line":27,"column":8},"end":{"line":27,"column":8}},{"start":{"line":27,"column":8},"end":{"line":27,"column":8}}]}}},"contracts/Vault.sol":{"l":{"38":48,"39":48,"40":48,"48":5,"51":4,"54":4,"56":4,"57":1,"58":1,"62":4,"63":4,"66":4,"68":4,"75":3,"78":3,"80":3,"81":2,"83":1,"86":2,"88":2,"90":2,"94":3,"96":3,"104":2,"111":4,"116":2},"path":"/Users/abhi3700/F/coding/github_repos/evm_contracts_vaultLend/contracts/Vault.sol","s":{"1":48,"2":48,"3":48,"4":5,"5":4,"6":4,"7":4,"8":1,"9":1,"10":4,"11":4,"12":4,"13":4,"14":3,"15":3,"16":3,"17":2,"18":1,"19":2,"20":2,"21":2,"22":3,"23":3,"24":2,"25":4,"26":2},"b":{"1":[4,1],"2":[1,3],"3":[2,1],"4":[0,1]},"f":{"1":48,"2":5,"3":3,"4":3,"5":2,"6":4,"7":2},"fnMap":{"1":{"name":"constructor","line":37,"loc":{"start":{"line":37,"column":4},"end":{"line":41,"column":4}}},"2":{"name":"deposit","line":47,"loc":{"start":{"line":47,"column":4},"end":{"line":69,"column":4}}},"3":{"name":"withdrawPUSD","line":73,"loc":{"start":{"line":73,"column":4},"end":{"line":91,"column":4}}},"4":{"name":"_calcInterest","line":93,"loc":{"start":{"line":93,"column":4},"end":{"line":97,"column":4}}},"5":{"name":"getDepositedAmt","line":103,"loc":{"start":{"line":103,"column":4},"end":{"line":105,"column":4}}},"6":{"name":"pause","line":110,"loc":{"start":{"line":110,"column":4},"end":{"line":112,"column":4}}},"7":{"name":"unpause","line":115,"loc":{"start":{"line":115,"column":4},"end":{"line":117,"column":4}}}},"statementMap":{"1":{"start":{"line":38,"column":8},"end":{"line":38,"column":28}},"2":{"start":{"line":39,"column":8},"end":{"line":39,"column":25}},"3":{"start":{"line":40,"column":8},"end":{"line":40,"column":17}},"4":{"start":{"line":48,"column":8},"end":{"line":48,"column":54}},"5":{"start":{"line":51,"column":8},"end":{"line":51,"column":70}},"6":{"start":{"line":54,"column":8},"end":{"line":54,"column":31}},"7":{"start":{"line":56,"column":8},"end":{"line":56,"column":1783}},"8":{"start":{"line":57,"column":12},"end":{"line":57,"column":93}},"9":{"start":{"line":58,"column":12},"end":{"line":58,"column":87}},"10":{"start":{"line":62,"column":8},"end":{"line":62,"column":50}},"11":{"start":{"line":63,"column":8},"end":{"line":63,"column":75}},"12":{"start":{"line":66,"column":8},"end":{"line":66,"column":78}},"13":{"start":{"line":68,"column":8},"end":{"line":68,"column":50}},"14":{"start":{"line":75,"column":8},"end":{"line":75,"column":70}},"15":{"start":{"line":78,"column":8},"end":{"line":78,"column":31}},"16":{"start":{"line":80,"column":8},"end":{"line":80,"column":2884}},"17":{"start":{"line":81,"column":12},"end":{"line":81,"column":93}},"18":{"start":{"line":83,"column":12},"end":{"line":83,"column":63}},"19":{"start":{"line":86,"column":8},"end":{"line":86,"column":50}},"20":{"start":{"line":88,"column":8},"end":{"line":88,"column":58}},"21":{"start":{"line":90,"column":8},"end":{"line":90,"column":40}},"22":{"start":{"line":94,"column":8},"end":{"line":94,"column":115}},"23":{"start":{"line":96,"column":8},"end":{"line":96,"column":26}},"24":{"start":{"line":104,"column":8},"end":{"line":104,"column":53}},"25":{"start":{"line":111,"column":8},"end":{"line":111,"column":15}},"26":{"start":{"line":116,"column":8},"end":{"line":116,"column":17}}},"branchMap":{"1":{"line":48,"type":"if","locations":[{"start":{"line":48,"column":8},"end":{"line":48,"column":8}},{"start":{"line":48,"column":8},"end":{"line":48,"column":8}}]},"2":{"line":56,"type":"if","locations":[{"start":{"line":56,"column":8},"end":{"line":56,"column":8}},{"start":{"line":56,"column":8},"end":{"line":56,"column":8}}]},"3":{"line":80,"type":"if","locations":[{"start":{"line":80,"column":8},"end":{"line":80,"column":8}},{"start":{"line":80,"column":8},"end":{"line":80,"column":8}}]},"4":{"line":83,"type":"if","locations":[{"start":{"line":83,"column":12},"end":{"line":83,"column":12}},{"start":{"line":83,"column":12},"end":{"line":83,"column":12}}]}}}}