{"contracts/ERC20Token.sol":{"l":{"27":55,"28":54,"30":53,"32":53,"39":1,"44":0},"path":"/Users/abhi3700/F/coding/github_repos/evm_contracts_vaultLend/contracts/ERC20Token.sol","s":{"1":55,"2":54,"3":53,"4":53,"5":1,"6":0},"b":{"1":[54,1]},"f":{"1":78,"2":55,"3":1,"4":0},"fnMap":{"1":{"name":"constructor","line":23,"loc":{"start":{"line":21,"column":4},"end":{"line":23,"column":23}}},"2":{"name":"mint","line":26,"loc":{"start":{"line":26,"column":4},"end":{"line":33,"column":4}}},"3":{"name":"pause","line":38,"loc":{"start":{"line":38,"column":4},"end":{"line":40,"column":4}}},"4":{"name":"unpause","line":43,"loc":{"start":{"line":43,"column":4},"end":{"line":45,"column":4}}}},"statementMap":{"1":{"start":{"line":27,"column":8},"end":{"line":27,"column":54}},"2":{"start":{"line":28,"column":8},"end":{"line":28,"column":31}},"3":{"start":{"line":30,"column":8},"end":{"line":30,"column":43}},"4":{"start":{"line":32,"column":8},"end":{"line":32,"column":19}},"5":{"start":{"line":39,"column":8},"end":{"line":39,"column":15}},"6":{"start":{"line":44,"column":8},"end":{"line":44,"column":17}}},"branchMap":{"1":{"line":27,"type":"if","locations":[{"start":{"line":27,"column":8},"end":{"line":27,"column":8}},{"start":{"line":27,"column":8},"end":{"line":27,"column":8}}]}}},"contracts/Vault.sol":{"l":{"39":39,"40":39,"41":39,"46":2,"48":2,"49":2,"52":2,"54":2,"58":1,"59":1,"61":1,"63":1,"65":1,"69":1,"71":1,"75":1,"82":4,"87":2},"path":"/Users/abhi3700/F/coding/github_repos/evm_contracts_vaultLend/contracts/Vault.sol","s":{"1":39,"2":39,"3":39,"4":2,"5":2,"6":2,"7":2,"8":2,"9":1,"10":1,"11":1,"12":1,"13":1,"14":1,"15":1,"16":1,"17":4,"18":2},"b":{"1":[2,0],"2":[1,0]},"f":{"1":39,"2":2,"3":1,"4":1,"5":1,"6":4,"7":2},"fnMap":{"1":{"name":"constructor","line":38,"loc":{"start":{"line":38,"column":4},"end":{"line":42,"column":4}}},"2":{"name":"deposit","line":45,"loc":{"start":{"line":45,"column":4},"end":{"line":55,"column":4}}},"3":{"name":"withdrawPUSD","line":57,"loc":{"start":{"line":57,"column":4},"end":{"line":66,"column":4}}},"4":{"name":"getInterest","line":68,"loc":{"start":{"line":68,"column":4},"end":{"line":72,"column":4}}},"5":{"name":"getDepositedAmt","line":74,"loc":{"start":{"line":74,"column":4},"end":{"line":76,"column":4}}},"6":{"name":"pause","line":81,"loc":{"start":{"line":81,"column":4},"end":{"line":83,"column":4}}},"7":{"name":"unpause","line":86,"loc":{"start":{"line":86,"column":4},"end":{"line":88,"column":4}}}},"statementMap":{"1":{"start":{"line":39,"column":8},"end":{"line":39,"column":28}},"2":{"start":{"line":40,"column":8},"end":{"line":40,"column":25}},"3":{"start":{"line":41,"column":8},"end":{"line":41,"column":17}},"4":{"start":{"line":46,"column":8},"end":{"line":46,"column":54}},"5":{"start":{"line":48,"column":8},"end":{"line":48,"column":62}},"6":{"start":{"line":49,"column":8},"end":{"line":49,"column":55}},"7":{"start":{"line":52,"column":8},"end":{"line":52,"column":78}},"8":{"start":{"line":54,"column":8},"end":{"line":54,"column":50}},"9":{"start":{"line":58,"column":8},"end":{"line":58,"column":68}},"10":{"start":{"line":59,"column":8},"end":{"line":59,"column":54}},"11":{"start":{"line":61,"column":8},"end":{"line":61,"column":54}},"12":{"start":{"line":63,"column":8},"end":{"line":63,"column":58}},"13":{"start":{"line":65,"column":8},"end":{"line":65,"column":40}},"14":{"start":{"line":69,"column":8},"end":{"line":69,"column":138}},"15":{"start":{"line":71,"column":8},"end":{"line":71,"column":26}},"16":{"start":{"line":75,"column":8},"end":{"line":75,"column":53}},"17":{"start":{"line":82,"column":8},"end":{"line":82,"column":15}},"18":{"start":{"line":87,"column":8},"end":{"line":87,"column":17}}},"branchMap":{"1":{"line":46,"type":"if","locations":[{"start":{"line":46,"column":8},"end":{"line":46,"column":8}},{"start":{"line":46,"column":8},"end":{"line":46,"column":8}}]},"2":{"line":59,"type":"if","locations":[{"start":{"line":59,"column":8},"end":{"line":59,"column":8}},{"start":{"line":59,"column":8},"end":{"line":59,"column":8}}]}}}}